[debug] [2019-06-13T10:59:50.999Z] ----------------------------------------------------------------------
[debug] [2019-06-13T10:59:51.001Z] Command:       C:\Program Files\nodejs\node.exe C:\Users\mromo\AppData\Roaming\npm\node_modules\firebase-tools\lib\bin\firebase.js init
[debug] [2019-06-13T10:59:51.001Z] CLI Version:   7.0.0
[debug] [2019-06-13T10:59:51.001Z] Platform:      win32
[debug] [2019-06-13T10:59:51.001Z] Node Version:  v10.15.0
[debug] [2019-06-13T10:59:51.003Z] Time:          Thu Jun 13 2019 12:59:51 GMT+0200 (Central European Summer Time)
[debug] [2019-06-13T10:59:51.003Z] ----------------------------------------------------------------------
[debug] 
[debug] [2019-06-13T10:59:51.012Z] > command requires scopes: ["email","openid","https://www.googleapis.com/auth/cloudplatformprojects.readonly","https://www.googleapis.com/auth/firebase","https://www.googleapis.com/auth/cloud-platform"]
[debug] [2019-06-13T10:59:51.012Z] > authorizing via signed-in user
[info] 
     ######## #### ########  ######## ########     ###     ######  ########
     ##        ##  ##     ## ##       ##     ##  ##   ##  ##       ##
     ######    ##  ########  ######   ########  #########  ######  ######
     ##        ##  ##    ##  ##       ##     ## ##     ##       ## ##
     ##       #### ##     ## ######## ########  ##     ##  ######  ########

You're about to initialize a Firebase project in this directory:

  C:\Development\react\firebase

Before we get started, keep in mind:

  * You are currently outside your home directory

